make.exe all --print-data-base --no-builtin-variables --no-builtin-rules --question
process_begin: CreateProcess(NULL, basename c:/Users/guilh/Desktop/Tudo/UFAM/ptr/Atividade-3-remake, ...) failed.
Makefile:23: pipe: No error

process_begin: CreateProcess(NULL, basename c:/Users/guilh/Desktop/Tudo/UFAM/ptr/Atividade-3-remake, ...) failed.
Makefile:36: pipe: No error

# GNU Make 4.3
# Built for Windows32
# Copyright (C) 1988-2020 Free Software Foundation, Inc.
# License GPLv3+: GNU GPL version 3 or later <http://gnu.org/licenses/gpl.html>
# This is free software: you are free to change and redistribute it.
# There is NO WARRANTY, to the extent permitted by law.
 

# Make data base, printed on Sat Sep 17 20:43:19 2022

# Variables

# environment
SYSTEMDRIVE = C:
# environment
LC_ALL = C
# environment
USERPROFILE = C:\Users\guilh
# environment
LOCALAPPDATA = C:\Users\guilh\AppData\Local
# environment
WSLENV = WT_SESSION::WT_PROFILE_ID
# environment
VSCODE_CWD = C:\Users\guilh\Desktop\Tudo\UFAM\ptr\Atividade-3-remake
# makefile (from 'Makefile', line 12)
incdir = ./inc
# environment
CHOCOLATEYINSTALL = C:\ProgramData\chocolatey
# environment
SYSTEMROOT = C:\WINDOWS
# environment
PROCESSOR_LEVEL = 6
# environment
PSMODULEPATH = C:\Users\guilh\Documents\PowerShell\Modules;C:\Program Files\PowerShell\Modules;c:\program files\windowsapps\microsoft.powershell_7.2.6.0_x64__8wekyb3d8bbwe\Modules;C:\Program Files\WindowsPowerShell\Modules;C:\WINDOWS\system32\WindowsPowerShell\v1.0\Modules
# default
MAKE_COMMAND := C:/ProgramData/chocolatey/lib/make/tools/install/bin/make.exe
# automatic
@D = $(patsubst %/,%,$(patsubst %\,%,$(dir $@)))
# environment
CHROME_CRASHPAD_PIPE_NAME = \\.\pipe\crashpad_9988_WYFKSGAOEJHJHJUC
# environment
VSCODE_HANDLES_UNCAUGHT_ERRORS = true
# default
.VARIABLES := 
# automatic
%D = $(patsubst %/,%,$(patsubst %\,%,$(dir $%)))
# automatic
^D = $(patsubst %/,%,$(patsubst %\,%,$(dir $^)))
# automatic
%F = $(notdir $%)
# environment
VSCODE_CODE_CACHE_PATH = C:\Users\guilh\AppData\Roaming\Code\CachedData\74b1f979648cc44d385a2286793c226e611f59e7
# environment
LANG = C
# default
.LOADED := 
# environment
TMP = C:\Users\guilh\AppData\Local\Temp
# default
.INCLUDE_DIRS = .
# environment
PROCESSOR_ARCHITEW6432 = AMD64
# makefile
MAKEFLAGS = pqrR
# environment
ONEDRIVE = C:\Users\guilh\OneDrive
# makefile
CURDIR := c:/Users/guilh/Desktop/Tudo/UFAM/ptr/Atividade-3-remake
# environment
APPLICATION_INSIGHTS_NO_DIAGNOSTIC_CHANNEL = 1
# automatic
*D = $(patsubst %/,%,$(patsubst %\,%,$(dir $*)))
# environment
PROGRAMFILES = C:\Program Files (x86)
# environment
MFLAGS = -pqrR
# default
.SHELLFLAGS := -c
# environment
COMMONPROGRAMW6432 = C:\Program Files\Common Files
# automatic
+D = $(patsubst %/,%,$(patsubst %\,%,$(dir $+)))
# makefile (from 'Makefile', line 1)
MAKEFILE_LIST := Makefile
# automatic
@F = $(notdir $@)
# environment
VSCODE_PID = 9988
# makefile (from 'Makefile', line 7)
sources = $(filter-out $(srcdir)/main.c, $(wildcard $(srcdir)/*.c))
# environment
CLION = C:\Program Files\JetBrains\CLion 2022.1.2\bin;
# automatic
?D = $(patsubst %/,%,$(patsubst %\,%,$(dir $?)))
# environment
WT_PROFILE_ID = {574e775e-4f2a-5b96-ac1e-a2962a402336}
# automatic
*F = $(notdir $*)
# automatic
<D = $(patsubst %/,%,$(patsubst %\,%,$(dir $<)))
# environment
VSCODE_NLS_CONFIG = {"locale":"en","availableLanguages":{},"_languagePackSupport":true}
# environment
ONEDRIVECONSUMER = C:\Users\guilh\OneDrive
# default
MAKE_HOST := Windows32
# environment
PROGRAMDATA = C:\ProgramData
# default
SHELL := sh.exe
# environment
HOMEPATH = \Users\guilh
# default
MAKECMDGOALS := all
# makefile (from 'Makefile', line 9)
objects = $(patsubst $(srcdir)/%.c, $(objdir)/%.o, $(sources))
# environment
DRIVERDATA = C:\Windows\System32\Drivers\DriverData
# environment
COMSPEC = C:\WINDOWS\system32\cmd.exe
# environment
WINDIR = C:\WINDOWS
# environment
MAKELEVEL := 0
# default
MAKE = $(MAKE_COMMAND)
# environment
PATH = C:\Program Files\WindowsApps\Microsoft.PowerShell_7.2.6.0_x64__8wekyb3d8bbwe;C:\Program Files\Common Files\Oracle\Java\javapath;C:\Python310\Scripts\;C:\Python310\;C:\Windows\system32;C:\Windows;C:\Windows\System32\Wbem;C:\Windows\System32\WindowsPowerShell\v1.0\;C:\Windows\System32\OpenSSH\;C:\Program Files (x86)\NVIDIA Corporation\PhysX\Common;C:\ProgramData\chocolatey\bin;C:\Program Files\nodejs\;C:\MinGW\bin;C:\Program Files\Git\cmd;C:\Program Files\dotnet\;C:\Program Files\Docker\Docker\resources\bin;C:\ProgramData\DockerDesktop\version-bin;C:\Program Files\NVIDIA Corporation\NVIDIA NvDLISR;C:\Program Files\Polyspace\R2020a\runtime\win64;C:\Program Files\Polyspace\R2020a\bin;C:\Program Files\Polyspace\R2020a\polyspace\bin;C:\WINDOWS\system32;C:\WINDOWS;C:\WINDOWS\System32\Wbem;C:\WINDOWS\System32\WindowsPowerShell\v1.0\;C:\WINDOWS\System32\OpenSSH\;C:\Program Files\MySQL\MySQL Shell 8.0\bin\;C:\Users\guilh\AppData\Local\Microsoft\WindowsApps;C:\Users\guilh\AppData\Local\Programs\Microsoft VS Code\bin;C:\Users\guilh\AppData\Roaming\npm;C:\Users\guilh\AppData\Local\GitHubDesktop\bin;C:\Program Files\heroku\bin;C:\Program Files\JetBrains\IntelliJ IDEA 2021.3.1\bin;C:\Users\guilh\.dotnet\tools;C:\tools\mysql\current\bin;C:\Program Files\JetBrains\CLion 2022.1.2\bin;C:\Users\guilh\AppData\Local\JetBrains\Toolbox\scripts;C:\Users\guilh\AppData\Local\Microsoft\WindowsApps
# environment
ZES_ENABLE_SYSMAN = 1
# environment
COMPUTERNAME = GUILHERME-ASPIR
# default
MAKEFILES := 
# automatic
^F = $(notdir $^)
# environment
PROMPT = $P$G
# makefile (from 'Makefile', line 21)
LDLIBS = -lm -lpthread -lstdc++
# environment
CHOCOLATEYLASTPATHUPDATE = 132907958276811674
# environment
INTELLIJ IDEA = C:\Program Files\JetBrains\IntelliJ IDEA 2021.3.1\bin;
# environment
WT_SESSION = 0e9f5f94-f4f9-4dc3-bc9e-e8f8ce7d9e42
# environment
LOGONSERVER = \\GUILHERME-ASPIR
# environment
USERNAME = guilh
# environment
COMMONPROGRAMFILES = C:\Program Files (x86)\Common Files
# automatic
?F = $(notdir $?)
# environment
PROGRAMW6432 = C:\Program Files
# environment
PATHEXT = .COM;.EXE;.BAT;.CMD;.VBS;.VBE;.JS;.JSE;.WSF;.WSH;.MSC;.PY;.PYW;.CPL
# automatic
+F = $(notdir $+)
# environment
ORIGINAL_XDG_CURRENT_DESKTOP = undefined
# environment
USERDOMAIN = GUILHERME-ASPIR
# 'override' directive
GNUMAKEFLAGS := 
# makefile (from 'Makefile', line 11)
srcdir = ./src
# environment
OS = Windows_NT
# makefile (from 'Makefile', line 18)
CPPFLAGS = 
# makefile
.DEFAULT_GOAL := all
# default
MAKE_VERSION := 4.3
# 'override' directive
.SHELLSTATUS := 127
# makefile (from 'Makefile', line 5)
PRJ = $(shell basename "$(CURDIR)")
# environment
PROGRAMFILES(X86) = C:\Program Files (x86)
# makefile (from 'Makefile', line 19)
LDFLAGS = -L $(libdir)
# environment
USERDOMAIN_ROAMINGPROFILE = GUILHERME-ASPIR
# environment
NUMBER_OF_PROCESSORS = 8
# environment
PUBLIC = C:\Users\Public
# environment
APPDATA = C:\Users\guilh\AppData\Roaming
# makefile (from 'Makefile', line 17)
CFLAGS = -Wall -O3 -I $(incdir)
# environment
HOMEDRIVE = C:
# environment
PROCESSOR_ARCHITECTURE = x86
# makefile (from 'Makefile', line 8)
includes = $(wildcard $(incdir)/*.h)
# environment
VSCODE_AMD_ENTRYPOINT = vs/workbench/api/node/extensionHostProcess
# environment
COMMONPROGRAMFILES(X86) = C:\Program Files (x86)\Common Files
# environment
ELECTRON_RUN_AS_NODE = 1
# environment
TEMP = C:\Users\guilh\AppData\Local\Temp
# environment
VSCODE_IPC_HOOK = \\.\pipe\964fa2fe24f60ee8dc6eb594565e47d7-1.71.2-main-sock
# makefile (from 'Makefile', line 13)
objdir = ./obj
# default
.RECIPEPREFIX := 
# automatic
<F = $(notdir $<)
# default
SUFFIXES := 
# environment
ALLUSERSPROFILE = C:\ProgramData
# environment
VSCODE_CLI = 1
# environment
ELECTRON_NO_ATTACH_CONSOLE = 1
# makefile (from 'Makefile', line 14)
libdir = ./lib
# default
.FEATURES := target-specific order-only second-expansion else-if sho 
rtest-stem undefine oneshell nocomment grouped-target extra-prereqs archives jobserver output-sync load
# environment
PROCESSOR_REVISION = 8e0b
# makefile (from 'Makefile', line 16)
CC = gcc
# environment
CHOCOLATEYTOOLSLOCATION = C:\tools
# environment
PROCESSOR_IDENTIFIER = Intel64 Family 6 Model 142 Stepping 11, GenuineIntel
# variable set hash-table stats:
# Load=112/1024=11%, Rehash=0, Collisions=13/154=8%

# Pattern-specific Variable Values

# No pattern-specific variable values.

# Directories

# src (key c:/Users/guilh/Desktop/Tudo/UFAM/ptr/Atividade-3-remake/src, mtime 1663461769): No files, no impossibilities so far.
# . (key c:/Users/guilh/Desktop/Tudo/UFAM/ptr/Atividade-3-remake, mtime 1663461769): 10 files, no impossibilities.

# 10 files, no impossibilities in 2 directories.

# Implicit Rules

obj/%.o: src/%.c
#  recipe to execute (from 'Makefile', line 40):
	$(CC) -c $(CFLAGS) $(CPPFLAGS) -o $@ $<

# 1 implicit rules, 0 (0.0%) terminal.
# Files

# Not a target:
Makefile:
#  Implicit rule search has been done.
#  Last modified 2022-09-17 17:44:05
#  File has been updated.
#  Successfully updated.

clean:
#  Phony target (prerequisite of .PHONY).
#  Implicit rule search has not been done.
#  File does not exist.
#  File has not been updated.
#  recipe to execute (from 'Makefile', line 45):
	@rm -rf $(PRJ) $(objdir)/*.o $(srcdir)/*~

showvars:
#  Implicit rule search has not been done.
#  Modification time never checked.
#  File has not been updated.
#  recipe to execute (from 'Makefile', line 26):
	@echo $(PRJ)
	@echo Dirs: $(incdir) $(srcdir) $(objdir) $(libdir)
	@echo Sources:  $(sources)
	@echo Objects:  $(objects)
	@echo Includes: $(includes)
	@echo CC: $(CC)
	@echo FLAGS: $(CFLAGS) $(CPPFLAGS)
	@echo LDFLAGS: $(LDFLAGS)
	@echo LIBS: $(LDLIBS)

# Not a target:
.DEFAULT:
#  Implicit rule search has not been done.
#  Modification time never checked.
#  File has not been updated.

all:
#  Command line target.
#  Implicit rule search has been done.
#  File does not exist.
#  File has been updated.
#  Successfully updated.

run:
#  Phony target (prerequisite of .PHONY).
#  Implicit rule search has not been done.
#  File does not exist.
#  File has not been updated.
#  recipe to execute (from 'Makefile', line 48):
	@./$(PRJ) "$(ARGS)"

.PHONY: clean run
#  Implicit rule search has not been done.
#  Modification time never checked.
#  File has not been updated.

# files hash-table stats:
# Load=8/1024=1%, Rehash=0, Collisions=0/23=0%
# VPATH Search Paths

# No 'vpath' search paths.

# No general ('VPATH' variable) search path.

# strcache buffers: 1 (0) / strings = 19 / storage = 126 B / avg = 6 B
# current buf: size = 8174 B / used = 126 B / count = 19 / avg = 6 B

# strcache performance: lookups = 32 / hit rate = 40%
# hash-table stats:
# Load=19/8192=0%, Rehash=0, Collisions=0/32=0%
# Finished Make data base on Sat Sep 17 20:43:19 2022

 
